2026-03-09 15:56:19.609868: Extrayendo datos del XML...
2026-03-09 15:56:19.611799: Generando código de barras...
2026-03-09 15:56:19.616261: FALLO CRÍTICO: No module named 'barcode'
2026-03-09 15:56:19.620185: Traceback (most recent call last):
  File "C:\Users\Christian Defaz\PycharmProjects\sistema-reina\app.py", line 832, in enviar_comprobante_email
    import barcode
ModuleNotFoundError: No module named 'barcode'

2026-03-09 15:59:06.823892: Extrayendo datos del XML...
2026-03-09 15:59:06.825621: Generando código de barras...
2026-03-09 15:59:07.015635: Generando PDF (RIDE)...
2026-03-09 15:59:07.117914: Preparando envío a Brevo API...
2026-03-09 15:59:09.234537: Email enviado exitosamente vía BREVO API.
2026-03-09 16:03:32.402624: Extrayendo datos del XML...
2026-03-09 16:03:32.404501: Generando código de barras...
2026-03-09 16:03:32.413219: Generando PDF (RIDE)...
2026-03-09 16:03:32.419630: Preparando envío a Brevo API...
2026-03-09 16:03:34.248392: Email enviado exitosamente vía BREVO API.
2026-03-09 16:06:56.301519: Extrayendo datos del XML...
2026-03-09 16:06:56.302846: Generando código de barras...
2026-03-09 16:06:56.394743: Generando PDF (RIDE)...
2026-03-09 16:06:56.422006: Preparando envío a Brevo API...
2026-03-09 16:06:58.128016: Email enviado exitosamente vía BREVO API. De: cdgo28@gmail.com Para: DG_IO28@SECAP.GOB.EC
2026-03-09 16:07:55.291876: Extrayendo datos del XML...
2026-03-09 16:07:55.293886: Generando código de barras...
2026-03-09 16:07:55.304275: Generando PDF (RIDE)...
2026-03-09 16:07:55.314138: Preparando envío a Brevo API...
2026-03-09 16:08:08.464266: Email enviado exitosamente vía BREVO API. De: cdgo28@gmail.com Para: DG_IO28@HOTMAIL.COM
2026-03-09 16:35:07.188156: Extrayendo datos del XML...
2026-03-09 16:35:07.190429: Generando código de barras...
2026-03-09 16:35:07.414441: Generando PDF (RIDE)...
2026-03-09 16:35:07.457437: Preparando envío a Brevo API...
2026-03-09 16:35:11.696771: Email enviado exitosamente vía BREVO API. De: cdgo28@gmail.com Para: DG_IO28@HOTMAIL.COM
2026-03-09 16:39:37.847013: Extrayendo datos del XML...
2026-03-09 16:39:37.848374: Generando código de barras...
2026-03-09 16:39:38.008369: Generando PDF (RIDE)...
2026-03-09 16:39:38.052016: Preparando envío a Brevo API...
2026-03-09 16:39:39.746035: Email enviado exitosamente vía BREVO API. De: cdgo28@gmail.com Para: DG_IO28@HOTMAIL.COM
2026-03-09 16:42:40.458842: Extrayendo datos del XML...
2026-03-09 16:42:40.460193: Generando código de barras...
2026-03-09 16:42:40.558788: Generando PDF (RIDE)...
2026-03-09 16:42:40.598845: Preparando envío a Brevo API...
2026-03-09 16:42:42.607008: Email enviado exitosamente vía BREVO API. De: cdgo28@gmail.com Para: DG_IO28@HOTMAIL.COM
2026-03-09 16:45:48.407621: Extrayendo datos del XML...
2026-03-09 16:45:48.409781: Generando código de barras...
2026-03-09 16:45:48.498292: Generando PDF (RIDE)...
2026-03-09 16:45:48.538570: Preparando envío a Brevo API...
2026-03-09 16:45:50.336883: Email enviado exitosamente vía BREVO API. De: cdgo28@gmail.com Para: DG_IO28@HOTMAIL.COM
2026-03-09 16:56:22.004163: Venta 1: ANULADA. Enviando Nota de Credito.
2026-03-09 16:56:24.060750: EXITO: Nota de Credito enviada a DG_IO28@HOTMAIL.COM
2026-03-09 17:02:50.544214: EXITO: Nota de Credito enviada a DG_IO28@HOTMAIL.COM
2026-03-09 17:07:04.825304: Fallo en extracción XML o Envío: 'NoneType' object has no attribute 'text'
2026-03-09 17:07:24.679027: Fallo en extracción XML o Envío: 'NoneType' object has no attribute 'text'
2026-03-09 17:12:10.110950: Fallo en extracción XML o Envío: 'NoneType' object has no attribute 'text'
2026-03-09 17:12:24.697870: Fallo en extracción XML o Envío: 'NoneType' object has no attribute 'text'
2026-03-09 17:14:49.205709: EXITO: Nota de Credito enviada a DG_IO28@HOTMAIL.COM
2026-03-09 17:15:25.030618: Fallo en extracción XML o Envío: 'NoneType' object has no attribute 'text'
2026-03-09 17:17:10.970725: EXITO: Nota de Credito enviada a DG_IO28@HOTMAIL.COM
2026-03-09 17:18:35.349406: Fallo en extracción XML o Envío: 'NoneType' object has no attribute 'text'
2026-03-09 17:18:51.994113: Fallo en extracción XML o Envío: 'NoneType' object has no attribute 'text'
2026-03-09 17:24:57.110621: EXITO: Nota de Credito enviada a DG_IO28@HOTMAIL.COM
2026-03-09 17:25:19.519073: EXITO: Factura enviada a LILIANATADAY@HOTMAIL.ES
2026-03-09 17:43:42.856406: EXITO: Factura enviada a LILIANATADAY@HOTMAIL.ES
2026-03-09 17:50:11.293914: Error Brevo (400): {"code":"missing_parameter","message":"email is missing in to"}

2026-03-09 17:50:47.171733: EXITO: Factura enviada a DG_IO28@HOTMAIL.COM
2026-03-10 08:59:52.034631: EXITO: Nota de Credito enviada a DG_IO28@HOTMAIL.COM
