[2026-03-07 15:10:08] --- INICIO VENTA 3 (0703202601176804114000110010010000000031234567817) ---
[2026-03-07 15:15:04] --- INICIO VENTA 3 (0703202601176804114000110010010000000031234567817) ---
[2026-03-07 15:15:08] --- INICIO VENTA 3 (0703202601176804114000110010010000000031234567817) ---
[2026-03-07 15:15:12] --- INICIO VENTA 3 (0703202601176804114000110010010000000031234567817) ---
[2026-03-07 15:17:21] --- INICIO VENTA 2 (0703202601176804114000110010010000000021234567811) ---
[2026-03-07 15:17:48] --- INICIO VENTA 2 (0703202601176804114000110010010000000021234567811) ---
[2026-03-07 16:07:47] --- INICIO VENTA 4 (0703202601176804114000110010010000000041234567812) ---
[2026-03-07 16:40:52] --- INICIO VENTA 11 (0703202601176804114000110010010000000111234567810) ---
[2026-03-07 16:41:43] --- INICIO VENTA 11 (0703202601176804114000110010010000000111234567810) ---
[2026-03-07 16:43:18] --- INICIO VENTA 12 (0703202601176804114000110010010000000121234567816) ---
[2026-03-07 16:43:47] --- INICIO VENTA 11 (0703202601176804114000110010010000000111234567810) ---
[2026-03-07 16:46:28] --- INICIO VENTA 12 (0703202601176804114000110010010000000121234567816) ---
[2026-03-07 16:47:29] --- INICIO VENTA 11 (0703202601176804114000110010010000000111234567810) ---
[2026-03-07 16:48:05] --- INICIO VENTA 13 (0703202601176804114000110010010000000131234567811) ---
[2026-03-07 16:50:55] --- INICIO VENTA 13 (0703202601176804114000110010010000000131234567811) ---
[2026-03-07 16:54:26] --- INICIO VENTA 14 (0703202601176804114000110010010000000141234567817) ---
[2026-03-07 16:54:53] --- INICIO VENTA 13 (0703202601176804114000110010010000000131234567811) ---
[2026-03-07 16:55:14] --- INICIO VENTA 14 (0703202601176804114000110010010000000141234567817) ---
[2026-03-07 16:56:02] --- INICIO VENTA 15 (0703202601176804114000110010010000000151234567812) ---
[2026-03-07 16:57:17] --- INICIO VENTA 16 (0703202601176804114000110010010000000161234567818) ---
[2026-03-07 17:15:39] --- INICIO VENTA 16 (0703202601176804114000110010010000000161234567818) ---
[2026-03-07 17:15:40] ERROR: Invalid password or PKCS12 data
[2026-03-07 17:16:44] --- INICIO VENTA 16 (0703202601176804114000110010010000000161234567818) ---
[2026-03-07 17:17:35] --- INICIO VENTA 16 (0703202601176804114000110010010000000161234567818) ---
[2026-03-07 19:42:18] --- INICIO VENTA 15 (0703202601176804114000110010010000000151234567812) ---
[2026-03-07 19:42:50] --- INICIO VENTA 15 (0703202601176804114000110010010000000151234567812) ---
[2026-03-07 19:44:34] --- INICIO VENTA 15 (0703202601176804114000110010010000000151234567812) ---
[2026-03-07 19:47:36] --- INICIO VENTA 15 (0703202601176804114000110010010000000151234567812) ---
[2026-03-07 19:48:00] --- INICIO VENTA 14 (0703202601176804114000110010010000000141234567817) ---
[2026-03-07 19:53:14] --- INICIO VENTA 15 (0703202601176804114000110010010000000151234567812) ---
[2026-03-08 11:28:57] --- INICIO VENTA 17 (0803202601176804114000110010010000000171234567818) ---
[2026-03-08 11:28:59] ERROR: Invalid password or PKCS12 data
[2026-03-08 11:39:15] --- INICIO VENTA 18 (0803202601176804114000110010010000000261234567817) ---
[2026-03-08 11:39:56] --- INICIO VENTA 18 (0803202601176804114000110010010000000261234567817) ---
[2026-03-08 12:16:53] --- INICIO VENTA 19 (0803202601176804114000110010010000000271234567812) ---
[2026-03-08 12:17:53] --- INICIO VENTA 18 (0803202601176804114000110010010000000261234567817) ---
[2026-03-08 12:20:54] --- INICIO VENTA 21 (0803202601176804114000110010010000000281234567818) ---
[2026-03-08 18:20:38] --- INICIO VENTA 22 (0803202601176804114000110010010000000291234567813) ---
[2026-03-08 18:21:21] --- INICIO VENTA 22 (0803202601176804114000110010010000000291234567813) ---
[2026-03-08 19:11:00] --- INICIO VENTA 23 (0803202601176804114000110010010000000301234567819) ---
[2026-03-08 19:11:36] --- INICIO VENTA 23 (0803202601176804114000110010010000000301234567819) ---
[2026-03-08 20:09:53] --- INICIO VENTA 1 (0803202601176804114000110010010000000311234567814) ---
[2026-03-08 20:11:00] --- INICIO VENTA 1 (0803202601176804114000110010010000000311234567814) ---
[2026-03-08 20:18:04] --- INICIO VENTA 2 (0803202601176804114000110010010000000321234567811) ---
[2026-03-08 20:43:11] --- INICIO VENTA 1 (0803202601176804114000110010010000000361234567811) ---
[2026-03-08 20:44:16] --- INICIO VENTA 2 (0803202601176804114000110010010000000371234567817) ---
[2026-03-08 20:45:14] --- INICIO VENTA 3 (0803202601176804114000110010010000000381234567812) ---
[2026-03-08 20:46:04] --- INICIO VENTA 4 (0803202601176804114000110010010000000391234567818) ---
[2026-03-08 20:59:17] --- INICIO VENTA 1 (0803202601176804114000110010010000000411234567819) ---
[2026-03-08 21:00:33] --- INICIO VENTA 2 (0803202601176804114000110010010000000421234567814) ---
[2026-03-08 21:05:54] --- INICIO VENTA 3 (0803202601176804114000110010010000000431234567811) ---
[2026-03-08 21:06:40] --- INICIO VENTA 4 (0803202601176804114000110010010000000441234567815) ---
[2026-03-08 21:07:23] --- INICIO VENTA 4 (0803202601176804114000110010010000000441234567815) ---
[2026-03-09 15:31:11] --- INICIO VENTA 1 (0903202601176804114000110010010000000471234567816) ---
[2026-03-09 16:11:51] --- INICIO ANULACIÓN VENTA 1 (0903202601176804114000110010010000000471234567816) en PRUEBAS ---
[2026-03-09 16:11:51] Validando estado en Web Service de PRUEBAS: https://celcer.sri.gob.ec
[2026-03-09 16:11:51] ANULACIÓN COMPLETADA PARA VENTA 1 (Ambiente: PRUEBAS)
[2026-03-09 16:26:42] --- INICIO NOTA DE CRÉDITO PARA VENTA 1 ---
[2026-03-09 16:34:09] --- PROCESANDO NOTA DE CRÉDITO PARA VENTA 1 (0903202604176804114000110010010000000478765432110) ---
[2026-03-09 17:06:54] --- INICIO VENTA 2 (0903202601176804114000110010010000000481234567811) ---
[2026-03-09 17:43:30] --- INICIO VENTA 3 (0903202601176804114000110010010000000491234567817) ---
[2026-03-09 17:44:13] --- INICIO VENTA 4 (0903202601176804114000110010010000000501234567812) ---
[2026-03-09 17:50:00] --- INICIO VENTA 5 (0903202601176804114000110010010000000511234567818) ---
[2026-03-09 17:50:27] --- INICIO VENTA 6 (0903202601176804114000110010010000000521234567813) ---
[2026-03-10 08:14:13] --- PROCESANDO NOTA DE CRÉDITO PARA VENTA 6 (1003202604176804114000110010010000000528765432110) ---
[2026-03-10 08:54:59] --- INICIO VENTA 1 (0903202601176804114000110010010000000471234567816) ---
[2026-03-10 08:55:00] --- INICIO VENTA 4 (0903202601176804114000110010010000000501234567812) ---
[2026-03-10 08:55:30] --- INICIO VENTA 6 (0903202601176804114000110010010000000521234567813) ---
[2026-03-10 08:58:00] REUTILIZANDO CLAVE NC: 1003202604176804114000110010010000000528765432110
[2026-03-10 08:58:00] --- PROCESANDO NOTA DE CRÉDITO PARA VENTA 6 (1003202604176804114000110010010000000528765432110) ---
[2026-03-10 08:59:00] --- INICIO VENTA 6 (0903202601176804114000110010010000000521234567813) ---
[2026-03-10 09:00:32] --- INICIO VENTA 4 (0903202601176804114000110010010000000501234567812) ---
[2026-03-10 09:03:57] REUTILIZANDO CLAVE NC: 1003202604176804114000110010010000000528765432110
[2026-03-10 09:03:57] --- PROCESANDO NOTA DE CRÉDITO PARA VENTA 6 (1003202604176804114000110010010000000528765432110) ---
[2026-03-10 09:04:48] --- INICIO VENTA 6 (0903202601176804114000110010010000000521234567813) ---
[2026-03-10 09:06:19] --- INICIO VENTA 4 (0903202601176804114000110010010000000501234567812) ---
[2026-03-10 09:09:20] REUTILIZANDO CLAVE NC: 1003202604176804114000110010010000000528765432110
[2026-03-10 09:09:20] --- PROCESANDO NOTA DE CRÉDITO PARA VENTA 6 (1003202604176804114000110010010000000528765432110) ---
[2026-03-10 09:10:09] --- INICIO VENTA 6 (0903202601176804114000110010010000000521234567813) ---
[2026-03-10 09:12:01] --- INICIO VENTA 4 (0903202601176804114000110010010000000501234567812) ---
[2026-03-10 09:17:27] --- INICIO VENTA 4 (0903202601176804114000110010010000000501234567812) ---
[2026-03-10 09:17:39] --- INICIO VENTA 4 (0903202601176804114000110010010000000501234567812) ---
[2026-03-10 15:10:45] REUTILIZANDO CLAVE NC: 1003202604176804114000110010010000000528765432110
[2026-03-10 15:10:45] --- PROCESANDO NOTA DE CRÉDITO PARA VENTA 6 (1003202604176804114000110010010000000528765432110) ---
[2026-03-10 15:11:33] --- INICIO VENTA 6 (0903202601176804114000110010010000000521234567813) ---
[2026-03-10 17:05:49] --- PROCESANDO NOTA DE CRÉDITO PARA VENTA 5 (1003202604176804114000110010010000000518765432115) ---
[2026-03-10 17:22:03] --- INICIO VENTA 5 (0903202601176804114000110010010000000511234567818) ---
[2026-03-10 17:22:04] REUTILIZANDO CLAVE NC: 1003202604176804114000110010010000000518765432115
[2026-03-10 17:22:04] --- PROCESANDO NOTA DE CRÉDITO PARA VENTA 5 (1003202604176804114000110010010000000518765432115) ---
[2026-03-10 17:22:57] --- INICIO VENTA 5 (0903202601176804114000110010010000000511234567818) ---
[2026-03-10 17:32:28] REUTILIZANDO CLAVE NC: 1003202604176804114000110010010000000518765432115
[2026-03-10 17:32:28] --- PROCESANDO NOTA DE CRÉDITO PARA VENTA 5 (1003202604176804114000110010010000000518765432115) ---
[2026-03-10 17:33:18] --- INICIO VENTA 5 (0903202601176804114000110010010000000511234567818) ---
[2026-03-10 17:42:57] REUTILIZANDO CLAVE NC: 1003202604176804114000110010010000000518765432115
[2026-03-10 17:42:57] --- PROCESANDO NOTA DE CRÉDITO PARA VENTA 5 (1003202604176804114000110010010000000518765432115) ---
[2026-03-10 17:43:52] --- INICIO VENTA 5 (0903202601176804114000110010010000000511234567818) ---
[2026-03-10 17:53:27] REUTILIZANDO CLAVE NC: 1003202604176804114000110010010000000518765432115
[2026-03-10 17:53:27] --- PROCESANDO NOTA DE CRÉDITO PARA VENTA 5 (1003202604176804114000110010010000000518765432115) ---
[2026-03-10 17:54:17] --- INICIO VENTA 5 (0903202601176804114000110010010000000511234567818) ---
[2026-03-10 18:03:50] REUTILIZANDO CLAVE NC: 1003202604176804114000110010010000000518765432115
[2026-03-10 18:03:50] --- PROCESANDO NOTA DE CRÉDITO PARA VENTA 5 (1003202604176804114000110010010000000518765432115) ---
[2026-03-10 18:04:40] --- INICIO VENTA 5 (0903202601176804114000110010010000000511234567818) ---
[2026-03-10 18:14:11] REUTILIZANDO CLAVE NC: 1003202604176804114000110010010000000518765432115
[2026-03-10 18:14:11] --- PROCESANDO NOTA DE CRÉDITO PARA VENTA 5 (1003202604176804114000110010010000000518765432115) ---
[2026-03-10 18:15:02] --- INICIO VENTA 5 (0903202601176804114000110010010000000511234567818) ---
[2026-03-10 18:24:33] REUTILIZANDO CLAVE NC: 1003202604176804114000110010010000000518765432115
[2026-03-10 18:24:33] --- PROCESANDO NOTA DE CRÉDITO PARA VENTA 5 (1003202604176804114000110010010000000518765432115) ---
[2026-03-10 18:25:23] --- INICIO VENTA 5 (0903202601176804114000110010010000000511234567818) ---
[2026-03-10 18:34:54] REUTILIZANDO CLAVE NC: 1003202604176804114000110010010000000518765432115
[2026-03-10 18:34:54] --- PROCESANDO NOTA DE CRÉDITO PARA VENTA 5 (1003202604176804114000110010010000000518765432115) ---
[2026-03-10 18:35:45] --- INICIO VENTA 5 (0903202601176804114000110010010000000511234567818) ---
[2026-03-10 18:45:16] REUTILIZANDO CLAVE NC: 1003202604176804114000110010010000000518765432115
[2026-03-10 18:45:16] --- PROCESANDO NOTA DE CRÉDITO PARA VENTA 5 (1003202604176804114000110010010000000518765432115) ---
[2026-03-10 18:46:07] --- INICIO VENTA 5 (0903202601176804114000110010010000000511234567818) ---
[2026-03-11 07:55:34] REUTILIZANDO CLAVE NC: 1003202604176804114000110010010000000518765432115
[2026-03-11 07:55:34] --- PROCESANDO NOTA DE CRÉDITO PARA VENTA 5 (1003202604176804114000110010010000000518765432115) ---
[2026-03-11 07:55:57] --- INICIO VENTA 5 (0903202601176804114000110010010000000511234567818) ---
[2026-03-11 08:03:34] --- INICIO VENTA 7 (1103202601176804114000110010010000000531234567816) ---
[2026-03-11 08:07:22] --- INICIO VENTA 7 (1103202601176804114000110010010000000531234567816) ---
[2026-03-11 08:17:44] --- INICIO VENTA 7 (1103202601176804114000110010010000000531234567816) ---
[2026-03-11 08:28:35] --- INICIO VENTA 7 (1103202601176804114000110010010000000531234567816) ---
